C51 COMPILER V9.54   BUZZER                                                                10/30/2023 22:42:53 PAGE 1   


C51 COMPILER V9.54, COMPILATION OF MODULE BUZZER
OBJECT MODULE PLACED IN .\Objects\Buzzer.obj
COMPILER INVOKED BY: C:\Keil_v5\C51\BIN\C51.EXE Buzzer.c OPTIMIZE(8,SPEED) BROWSE INCDIR(..\Buzzer-Castle-in-the-Sky) DE
                    -BUG OBJECTEXTEND PRINT(.\Listings\Buzzer.lst) TABS(2) OBJECT(.\Objects\Buzzer.obj)

line level    source

   1          // Buzzer.c
   2          #include <REGX52.H>
   3           
   4          //蜂鸣器端口：
   5          sbit Buzzer=P2^5;
   6           
   7          /**
   8            * @brief  蜂鸣器私有延时函数，延时500us
   9            * @param  无
  10            * @retval 无
  11            */
  12          void Buzzer_Delay500us()    //@11.0592MHz
  13          {
  14   1        unsigned char i;
  15   1       
  16   1        i = 227;
  17   1        while (--i);
  18   1      }
  19           
  20           
  21          /**
  22            * @brief  蜂鸣器发声
  23            * @param  ms 发声的时长，范围：0~32767
  24            * @retval 无
  25            */
  26          void Buzzer_Time(unsigned int ms)
  27          {
  28   1        unsigned int i;
  29   1        for(i=0;i<ms*2;i++)
  30   1        {
  31   2          Buzzer=!Buzzer;
  32   2          Buzzer_Delay500us();
  33   2        }
  34   1      }


MODULE INFORMATION:   STATIC OVERLAYABLE
   CODE SIZE        =     39    ----
   CONSTANT SIZE    =   ----    ----
   XDATA SIZE       =   ----    ----
   PDATA SIZE       =   ----    ----
   DATA SIZE        =   ----    ----
   IDATA SIZE       =   ----    ----
   BIT SIZE         =   ----    ----
END OF MODULE INFORMATION.


C51 COMPILATION COMPLETE.  0 WARNING(S),  0 ERROR(S)
