C51 COMPILER V9.54   TIMER0                                                                10/28/2023 23:52:13 PAGE 1   


C51 COMPILER V9.54, COMPILATION OF MODULE TIMER0
OBJECT MODULE PLACED IN .\Objects\Timer0.obj
COMPILER INVOKED BY: C:\Keil_v5\C51\BIN\C51.EXE Timer0.c OPTIMIZE(8,SPEED) BROWSE DEBUG OBJECTEXTEND PRINT(.\Listings\Ti
                    -mer0.lst) TABS(2) OBJECT(.\Objects\Timer0.obj)

line level    source

   1          #include <REGX52.H>
   2          #include <Delay.H>
   3          
   4           
   5          /**
   6            * @brief 定时器0初始化， 1毫秒@11.0592MHz
   7            * @param  无
   8            * @retval 无
   9            */
  10          void Timer0Init(void)   //1毫秒@11.0592MHz
  11          {
  12   1       
  13   1        TMOD &= 0xF0;   //设置定时器模式
  14   1        TL0 = 0xCD;   //设置定时初始值
  15   1        TH0 = 0xD4;   //设置定时初始值
  16   1        TF0 = 0;    //清除TF0标志
  17   1        TR0 = 1;    //定时器0开始计时
  18   1        ET0 = 1;
  19   1        EA = 1;
  20   1        PT0 = 0;
  21   1      }
  22           
  23          /*
  24          // 计时器0中断之后运行的函数
  25          void Timer0_Routine() interrupt 1
  26          {
  27            static unsigned int T0Count;
  28            TL0 = 0xCD;   //设置定时初始值
  29            TH0 = 0xD4; 
  30            T0Count++;
  31            if(T0Count >= 1000){
  32            T0Count = 0;    
  33            P2_0 = ~P2_0;
  34            Delay(100);
  35              
  36            }
  37          }
  38          */


MODULE INFORMATION:   STATIC OVERLAYABLE
   CODE SIZE        =     20    ----
   CONSTANT SIZE    =   ----    ----
   XDATA SIZE       =   ----    ----
   PDATA SIZE       =   ----    ----
   DATA SIZE        =   ----    ----
   IDATA SIZE       =   ----    ----
   BIT SIZE         =   ----    ----
END OF MODULE INFORMATION.


C51 COMPILATION COMPLETE.  0 WARNING(S),  0 ERROR(S)
